<?xml version="1.0" encoding="UTF-8"?>
<!-- Generated by org.testng.reporters.JUnitReportReporter -->
<testsuite hostname="DESKTOP-GPB8NU3" failures="0" tests="1" name="com.todos.tests.AddTodoTest" time="29.074" errors="0" timestamp="15 May 2021 22:35:58 GMT">
  <testcase classname="com.todos.tests.AddTodoTest" name="iCanAddTodo" time="29.074"/>
</testsuite> <!-- com.todos.tests.AddTodoTest -->
