<?xml version="1.0" encoding="UTF-8"?>
<!-- Generated by org.testng.reporters.JUnitReportReporter -->
<testsuite hostname="DESKTOP-GPB8NU3" failures="0" tests="1" name="com.todos.tests.AddTodoTest" time="27.958" errors="0" timestamp="1 May 2021 00:09:17 GMT">
  <testcase classname="com.todos.tests.AddTodoTest" name="iCanAddTodo" time="27.958"/>
</testsuite> <!-- com.todos.tests.AddTodoTest -->
